<?xml version="1.0" encoding="UTF-8"?>
<!-- Generated by org.testng.reporters.JUnitXMLReporter -->
<testsuite ignored="0" hostname="DESKTOP-51S8IMU" failures="0" tests="3" name="Default test" time="7.794" errors="0" timestamp="2024-09-05T13:30:20 IST">
  <testcase classname="API_Testing.TrelloAPI" name="createWork" time="5.309"/>
  <testcase classname="API_Testing.TrelloAPI" name="getaBoard" time="0.64"/>
  <testcase classname="API_Testing.TrelloAPI" name="DeleteABoard" time="1.769"/>
</testsuite> <!-- Default test -->
