<?xml version="1.0" encoding="UTF-8"?>
<testng-results ignored="0" total="3" passed="3" failed="0" skipped="0">
  <reporter-output>
  </reporter-output>
  <suite started-at="2024-09-05T13:30:13 IST" name="Default suite" finished-at="2024-09-05T13:30:20 IST" duration-ms="7794">
    <groups>
    </groups>
    <test started-at="2024-09-05T13:30:13 IST" name="Default test" finished-at="2024-09-05T13:30:20 IST" duration-ms="7794">
      <class name="API_Testing.TrelloAPI">
        <test-method signature="createWork()[pri:1, instance:API_Testing.TrelloAPI@47d9a273]" started-at="2024-09-05T13:30:13 IST" name="createWork" finished-at="2024-09-05T13:30:18 IST" duration-ms="5309" status="PASS">
          <reporter-output>
          </reporter-output>
        </test-method> <!-- createWork -->
        <test-method signature="getaBoard()[pri:2, instance:API_Testing.TrelloAPI@47d9a273]" started-at="2024-09-05T13:30:18 IST" name="getaBoard" finished-at="2024-09-05T13:30:19 IST" duration-ms="640" status="PASS">
          <reporter-output>
          </reporter-output>
        </test-method> <!-- getaBoard -->
        <test-method signature="DeleteABoard()[pri:3, instance:API_Testing.TrelloAPI@47d9a273]" started-at="2024-09-05T13:30:19 IST" name="DeleteABoard" finished-at="2024-09-05T13:30:20 IST" duration-ms="1769" status="PASS">
          <reporter-output>
          </reporter-output>
        </test-method> <!-- DeleteABoard -->
      </class> <!-- API_Testing.TrelloAPI -->
    </test> <!-- Default test -->
  </suite> <!-- Default suite -->
</testng-results>
